2455 [2019.11.19 11:13:31.700941] [information] [SERVICE:auto-restart] restart trigger fired (reason: The requested interval of 12:00:04 has elapsed.)
2457 [2019.11.19 11:13:31.700977] [information] [SERVICE:worker] Waiting for worker 10 to finish pending activity
2458 [2019.11.19 11:13:31.700992] [information] [SERVICE:worker] Starting graceful shutdown of worker 10
2459 [2019.11.19 11:13:31.701019] [information] [SERVICE:worker] Shutdown request was successfully sent to worker 10; waiting for process to exit...
2460 [2019.11.19 11:13:31.722897] [information] [SERVICE:worker] Worker 10 exited with code 0
2462 [2019.11.19 11:13:31.722959] [information] [SERVICE:worker] Worker 10 successfully stopped.
2469 [2019.11.19 11:13:32.984465] [out] [worker:11] Worker ready - protocol v2
2473 [2019.11.19 11:13:32.984710] [information] [SERVICE:worker] Worker 11 started
2639 [2019.11.19 20:12:51.229176] [err] [worker:11] Error using dlmread (line 147)
2640 [2019.11.19 20:12:51.229219] [err] [worker:11] Mismatch between file and format character vector.
2641 [2019.11.19 20:12:51.229228] [err] [worker:11] Trouble reading 'Numeric' field from file (row number 1, field number 2) ==> ASSD\n
2642 [2019.11.19 20:12:51.229240] [err] [worker:11] 
2643 [2019.11.19 20:12:51.229247] [err] [worker:11] Error in csvread (line 48)
2644 [2019.11.19 20:12:51.229253] [err] [worker:11] 
2645 [2019.11.19 20:12:51.229259] [err] [worker:11] Error in fft (line 2)
2646 [2019.11.19 20:12:51.229265] [err] [worker:11] 
2701 [2019.11.19 23:13:37.984870] [information] [SERVICE:auto-restart] restart trigger fired (reason: The requested interval of 12:00:05 has elapsed.)
2703 [2019.11.19 23:13:37.984904] [information] [SERVICE:worker] Waiting for worker 11 to finish pending activity
2704 [2019.11.19 23:13:37.984918] [information] [SERVICE:worker] Starting graceful shutdown of worker 11
2705 [2019.11.19 23:13:37.984945] [information] [SERVICE:worker] Shutdown request was successfully sent to worker 11; waiting for process to exit...
2706 [2019.11.19 23:13:40.601209] [information] [SERVICE:worker] Worker 11 exited with code 0
2708 [2019.11.19 23:13:40.601272] [information] [SERVICE:worker] Worker 11 successfully stopped.
2715 [2019.11.19 23:13:41.900938] [out] [worker:12] Worker ready - protocol v2
2719 [2019.11.19 23:13:41.901191] [information] [SERVICE:worker] Worker 12 started
